2025-10-20 14:00:11,403 - INFO - context_portal_mcp.main - File logging configured to: /Users/ajbrittle/Development/python/qobuz-dl/context_portal/./logs/conport.log
2025-10-20 14:00:11,403 - INFO - context_portal_mcp.core.config - Database filename set to: context.db
2025-10-20 14:00:11,403 - INFO - context_portal_mcp.main - Using database filename: context.db
2025-10-20 14:00:11,403 - INFO - context_portal_mcp.main - Parsed CLI args: Namespace(host='127.0.0.1', port=8000, workspace_id='/Users/ajbrittle/Development/python/qobuz-dl', auto_detect_workspace=True, workspace_search_start=None, no_auto_detect=False, mode='stdio', log_file='./logs/conport.log', db_path=None, base_path=None, db_filename='context.db', log_level='INFO')
2025-10-20 14:00:11,403 - INFO - context_portal_mcp.main - Starting ConPort in STDIO mode with workspace detection enabled
2025-10-20 14:00:11,404 - INFO - context_portal_mcp.core.workspace_detector - Workspace detected by strong indicators: /Users/ajbrittle/Development/python/qobuz-dl
2025-10-20 14:00:11,404 - INFO - context_portal_mcp.main - Workspace detection details: {'start_path': '/Users/ajbrittle/Development/python/qobuz-dl', 'detected_workspace': '/Users/ajbrittle/Development/python/qobuz-dl', 'context_portal_path': '/Users/ajbrittle/Development/python/qobuz-dl/context_portal', 'detection_method': 'strong_indicators', 'indicators_found': ['.git', 'requirements.txt', 'setup.py', '.gitignore', 'README.md', 'LICENSE'], 'environment_variables': {'VSCODE_WORKSPACE_FOLDER': None, 'CONPORT_WORKSPACE': None, 'PWD': '/Users/ajbrittle/Development/python/qobuz-dl', 'CWD': '/Users/ajbrittle/Development/python/qobuz-dl'}}
2025-10-20 14:00:11,404 - INFO - context_portal_mcp.main - Effective workspace ID: /Users/ajbrittle/Development/python/qobuz-dl
2025-10-20 14:00:11,404 - INFO - context_portal_mcp.main - Pre-warming database connection for workspace: /Users/ajbrittle/Development/python/qobuz-dl
2025-10-20 14:00:11,404 - INFO - context_portal_mcp.db.database - Alembic.ini not found. Creating at /Users/ajbrittle/Development/python/qobuz-dl/context_portal/alembic.ini
2025-10-20 14:00:11,404 - INFO - context_portal_mcp.db.database - Alembic env.py not found. Creating at /Users/ajbrittle/Development/python/qobuz-dl/context_portal/alembic/env.py
2025-10-20 14:00:11,404 - INFO - context_portal_mcp.db.database - Initial schema not found. Creating at /Users/ajbrittle/Development/python/qobuz-dl/context_portal/alembic/versions/2025_06_17_initial_schema.py
2025-10-20 14:00:11,405 - INFO - context_portal_mcp.db.database - Alembic: Script directory /Users/ajbrittle/Development/python/qobuz-dl/context_portal/alembic confirmed to exist by Python.
2025-10-20 14:00:11,405 - INFO - context_portal_mcp.db.database - Running Alembic migrations for database: /Users/ajbrittle/Development/python/qobuz-dl/context_portal/context.db
2025-10-20 14:21:13,821 - INFO - context_portal_mcp.main - File logging configured to: /Users/ajbrittle/Development/python/qobuz-dl/context_portal/./logs/conport.log
2025-10-20 14:21:13,822 - INFO - context_portal_mcp.core.config - Database filename set to: context.db
2025-10-20 14:21:13,822 - INFO - context_portal_mcp.main - Using database filename: context.db
2025-10-20 14:21:13,822 - INFO - context_portal_mcp.main - Parsed CLI args: Namespace(host='127.0.0.1', port=8000, workspace_id='/Users/ajbrittle/Development/python/qobuz-dl', auto_detect_workspace=True, workspace_search_start=None, no_auto_detect=False, mode='stdio', log_file='./logs/conport.log', db_path=None, base_path=None, db_filename='context.db', log_level='INFO')
2025-10-20 14:21:13,822 - INFO - context_portal_mcp.main - Starting ConPort in STDIO mode with workspace detection enabled
2025-10-20 14:21:13,822 - INFO - context_portal_mcp.core.workspace_detector - Workspace detected by strong indicators: /Users/ajbrittle/Development/python/qobuz-dl
2025-10-20 14:21:13,822 - INFO - context_portal_mcp.main - Workspace detection details: {'start_path': '/Users/ajbrittle/Development/python/qobuz-dl', 'detected_workspace': '/Users/ajbrittle/Development/python/qobuz-dl', 'context_portal_path': '/Users/ajbrittle/Development/python/qobuz-dl/context_portal', 'detection_method': 'strong_indicators', 'indicators_found': ['.git', 'requirements.txt', 'setup.py', '.gitignore', 'README.md', 'LICENSE'], 'environment_variables': {'VSCODE_WORKSPACE_FOLDER': None, 'CONPORT_WORKSPACE': None, 'PWD': '/Users/ajbrittle/Development/python/qobuz-dl', 'CWD': '/Users/ajbrittle/Development/python/qobuz-dl'}}
2025-10-20 14:21:13,822 - INFO - context_portal_mcp.main - Effective workspace ID: /Users/ajbrittle/Development/python/qobuz-dl
2025-10-20 14:21:13,822 - INFO - context_portal_mcp.main - Pre-warming database connection for workspace: /Users/ajbrittle/Development/python/qobuz-dl
2025-10-20 14:21:13,823 - INFO - context_portal_mcp.db.database - Alembic: Script directory /Users/ajbrittle/Development/python/qobuz-dl/context_portal/alembic confirmed to exist by Python.
2025-10-20 14:21:13,823 - INFO - context_portal_mcp.db.database - Running Alembic migrations for database: /Users/ajbrittle/Development/python/qobuz-dl/context_portal/context.db
